2026-01-02T06:07:15 | touched: src/main.rs
2026-01-06T22:33:42 | touched: README.md
2026-01-14T23:33:28 | touched: src/main.rs
2025-07-01T14:18:51 | touched: Cargo.toml
2025-02-08T03:29:12 | touched: Cargo.toml
2025-07-24T23:05:41 | touched: LICENSE
2025-09-29T17:07:39 | touched: README.md
2025-02-14T21:10:44 | touched: Cargo.toml
2025-08-25T17:27:45 | touched: src/main.rs
2025-03-08T10:53:09 | touched: src/lib.rs
2025-07-08T03:59:11 | touched: src/lib.rs
2025-04-25T18:09:35 | touched: README.md
2025-07-11T03:37:14 | touched: src/lib.rs
2025-07-10T13:38:00 | touched: Cargo.toml
2025-04-08T05:25:21 | touched: src/lib.rs
2025-08-30T11:45:32 | touched: Cargo.toml
2025-11-26T20:11:37 | touched: LICENSE
2025-10-19T03:17:00 | touched: src/lib.rs
2025-10-11T01:51:47 | touched: src/main.rs
2025-03-17T04:53:57 | touched: LICENSE
2025-01-01T13:15:34 | touched: src/main.rs
2025-01-27T06:29:30 | touched: LICENSE
2025-09-14T06:04:25 | touched: LICENSE
2025-09-16T20:25:15 | touched: src/lib.rs
